<?xml version="1.0" encoding="UTF-8"?>
<testsuite name="lab_selenium.ProfessorsMapTest" tests="2" skipped="0" failures="0" errors="0" timestamp="2025-09-20T22:52:19.604Z" hostname="tiyo-notebook" time="6.459">
  <properties/>
  <testcase name="shouldNavigateToLoginPage()" classname="lab_selenium.ProfessorsMapTest" time="1.502"/>
  <testcase name="shouldNavigateToProfessorsMap()" classname="lab_selenium.ProfessorsMapTest" time="4.957"/>
  <system-out><![CDATA[]]></system-out>
  <system-err><![CDATA[]]></system-err>
</testsuite>
