<?xml version="1.0" encoding="UTF-8"?>
<testsuite name="lab_selenium.EnrolledSubjectsTest" tests="2" skipped="0" failures="0" errors="0" timestamp="2025-09-20T22:52:09.642Z" hostname="tiyo-notebook" time="4.286">
  <properties/>
  <testcase name="shouldNavigateToLoginPage()" classname="lab_selenium.EnrolledSubjectsTest" time="1.496"/>
  <testcase name="shouldNavigateToProfessorsMap()" classname="lab_selenium.EnrolledSubjectsTest" time="2.788"/>
  <system-out><![CDATA[]]></system-out>
  <system-err><![CDATA[SLF4J(W): No SLF4J providers were found.
SLF4J(W): Defaulting to no-operation (NOP) logger implementation
SLF4J(W): See https://www.slf4j.org/codes.html#noProviders for further details.
]]></system-err>
</testsuite>
